<?xml version="1.0" encoding="UTF-8"?>
<!-- Generated by org.testng.reporters.JUnitReportReporter -->
<testsuite hostname="DESKTOP-2ABDV09" name="top.fzqblog.test.service.SolrServiceTest" tests="1" failures="0" timestamp="31 Aug 2016 08:40:59 GMT" time="0.410" errors="0">
  <testcase name="SolrQueryTest" time="0.410" classname="top.fzqblog.test.service.SolrServiceTest"/>
</testsuite> <!-- top.fzqblog.test.service.SolrServiceTest -->
