<?xml version="1.0" encoding="UTF-8"?>
<!-- Generated by org.testng.reporters.JUnitReportReporter -->
<testsuite hostname="SC-201610082225" name="top.fzqblog.test.service.ShuoShuoServiceTest" tests="1" failures="0" timestamp="16 Dec 2016 17:44:04 GMT" time="0.749" errors="0">
  <testcase name="findShuoShuosTest" time="0.749" classname="top.fzqblog.test.service.ShuoShuoServiceTest"/>
</testsuite> <!-- top.fzqblog.test.service.ShuoShuoServiceTest -->
