<?xml version="1.0" encoding="UTF-8"?>
<!-- Generated by org.testng.reporters.JUnitReportReporter -->
<testsuite hostname="DESKTOP-2ABDV09" name="top.fzqblog.test.service.SignInServiceTest" tests="1" failures="0" timestamp="16 Jul 2016 07:09:16 GMT" time="0.218" errors="0">
  <testcase name="testFindSignInfoByUserid" time="0.218" classname="top.fzqblog.test.service.SignInServiceTest"/>
</testsuite> <!-- top.fzqblog.test.service.SignInServiceTest -->
