<?xml version="1.0" encoding="UTF-8"?>
<!-- Generated by org.testng.reporters.JUnitReportReporter -->
<testsuite hostname="DESKTOP-2ABDV09" name="top.fzqblog.test.service.CommentServiceTest" tests="1" failures="0" timestamp="9 Aug 2016 06:05:35 GMT" time="0.369" errors="0">
  <testcase name="testAddComment" time="0.369" classname="top.fzqblog.test.service.CommentServiceTest"/>
</testsuite> <!-- top.fzqblog.test.service.CommentServiceTest -->
