<?xml version="1.0" encoding="UTF-8"?>
<!-- Generated by org.testng.reporters.JUnitReportReporter -->
<testsuite hostname="SC-201610082225" name="top.fzqblog.test.service.SysResServiceTest" tests="1" failures="0" timestamp="8 Dec 2016 15:09:27 GMT" time="0.245" errors="0">
  <testcase name="testGetStatistics" time="0.245" classname="top.fzqblog.test.service.SysResServiceTest"/>
</testsuite> <!-- top.fzqblog.test.service.SysResServiceTest -->
