<?xml version="1.0" encoding="UTF-8"?>
<!-- Generated by org.testng.reporters.JUnitReportReporter -->
<testsuite hostname="SC-201610082225" name="top.fzqblog.test.service.ExamServiceTest" tests="1" failures="0" timestamp="16 Dec 2016 14:01:54 GMT" time="0.209" errors="0">
  <testcase name="testfindExamsWithRightAnswer" time="0.209" classname="top.fzqblog.test.service.ExamServiceTest"/>
</testsuite> <!-- top.fzqblog.test.service.ExamServiceTest -->
