<?xml version="1.0" encoding="UTF-8"?>
<!-- Generated by org.testng.reporters.JUnitReportReporter -->
<testsuite hostname="DESKTOP-2ABDV09" name="top.fzqblog.test.service.TopicServiceTest" tests="1" failures="0" timestamp="6 Aug 2016 15:06:37 GMT" time="0.013" errors="0">
  <testcase name="testSplit" time="0.013" classname="top.fzqblog.test.service.TopicServiceTest"/>
</testsuite> <!-- top.fzqblog.test.service.TopicServiceTest -->
