<?xml version="1.0" encoding="UTF-8"?>
<!-- Generated by org.testng.reporters.JUnitReportReporter -->
<testsuite hostname="DESKTOP-2ABDV09" name="top.fzqblog.test.service.BlogServiceTest" tests="1" failures="0" timestamp="16 Aug 2016 12:17:20 GMT" time="0.837" errors="0">
  <testcase name="addBlogBatch" time="0.837" classname="top.fzqblog.test.service.BlogServiceTest"/>
</testsuite> <!-- top.fzqblog.test.service.BlogServiceTest -->
