<?xml version="1.0" encoding="UTF-8"?>
<!-- Generated by org.testng.reporters.JUnitReportReporter -->
<testsuite hostname="DESKTOP-2ABDV09" name="top.fzqblog.test.service.MessageServiceTest" tests="1" failures="0" timestamp="20 Aug 2016 19:01:59 GMT" time="0.356" errors="0">
  <testcase name="testCreateMessage" time="0.356" classname="top.fzqblog.test.service.MessageServiceTest"/>
</testsuite> <!-- top.fzqblog.test.service.MessageServiceTest -->
