<?xml version="1.0" encoding="UTF-8"?>
<!-- Generated by org.testng.reporters.JUnitReportReporter -->
<testsuite hostname="DESKTOP-2ABDV09" name="top.fzqblog.test.service.ServiceTest" tests="1" failures="0" timestamp="17 Aug 2016 18:53:00 GMT" time="0.041" errors="0">
  <testcase name="testCopyFile" time="0.041" classname="top.fzqblog.test.service.ServiceTest"/>
</testsuite> <!-- top.fzqblog.test.service.ServiceTest -->
