<?xml version="1.0" encoding="UTF-8"?>
<!-- Generated by org.testng.reporters.JUnitReportReporter -->
<testsuite hostname="DESKTOP-2ABDV09" name="top.fzqblog.test.service.UserFriendServiceTest" tests="1" failures="0" timestamp="23 Jul 2016 08:26:41 GMT" time="0.267" errors="0">
  <testcase name="testFindFriendList" time="0.267" classname="top.fzqblog.test.service.UserFriendServiceTest"/>
</testsuite> <!-- top.fzqblog.test.service.UserFriendServiceTest -->
