<?xml version="1.0" encoding="UTF-8"?>
<!-- Generated by org.testng.reporters.JUnitReportReporter -->
<testsuite hostname="DESKTOP-2ABDV09" name="top.fzqblog.test.service.AskServiceTest" tests="1" failures="0" timestamp="13 Aug 2016 12:23:07 GMT" time="0.211" errors="0">
  <testcase name="testFindTopUser" time="0.211" classname="top.fzqblog.test.service.AskServiceTest"/>
</testsuite> <!-- top.fzqblog.test.service.AskServiceTest -->
