<?xml version="1.0" encoding="UTF-8"?>
<!-- Generated by org.testng.reporters.JUnitReportReporter -->
<testsuite hostname="DESKTOP-2ABDV09" name="top.fzqblog.test.service.CategoryServiceTest" tests="1" failures="0" timestamp="5 Aug 2016 16:04:09 GMT" time="0.262" errors="0">
  <testcase name="testGetCategoryList" time="0.262" classname="top.fzqblog.test.service.CategoryServiceTest"/>
</testsuite> <!-- top.fzqblog.test.service.CategoryServiceTest -->
