<?xml version="1.0" encoding="UTF-8"?>
<!-- Generated by org.testng.reporters.JUnitReportReporter -->
<testsuite hostname="SC-201606081350" name="top.fzqblog.test.service.PrettyTimeTest" tests="1" failures="0" timestamp="24 Nov 2016 02:05:16 GMT" time="0.048" errors="0">
  <testcase name="testMinutesAgo" time="0.048" classname="top.fzqblog.test.service.PrettyTimeTest"/>
</testsuite> <!-- top.fzqblog.test.service.PrettyTimeTest -->
