<?xml version="1.0" encoding="UTF-8"?>
<!-- Generated by org.testng.reporters.JUnitReportReporter -->
<testsuite hostname="SC-201610082225" name="top.fzqblog.test.service.TaskServiceTest" tests="1" failures="0" timestamp="9 Dec 2016 15:16:39 GMT" time="0.243" errors="0">
  <testcase name="testCaculateData" time="0.243" classname="top.fzqblog.test.service.TaskServiceTest"/>
</testsuite> <!-- top.fzqblog.test.service.TaskServiceTest -->
